============================================ 
ClaimsPilot V3.6.7 - interface expert locale 
Date: 25/05/2026  7:35:28,15 
Dossier: C:\Users\romai\Downloads\claims_pilot_v3_7_2_rex_feedback\claims_pilot_v3_7_2_rex_feedback 
============================================ 
Python utilise: C:\Users\romai\AppData\Local\Programs\Python\Python312\python.exe 
Creation de l'environnement local .venv... 
Verification / installation des dependances... 
Requirement already satisfied: pip in c:\users\romai\downloads\claims_pilot_v3_7_2_rex_feedback\claims_pilot_v3_7_2_rex_feedback\.venv\lib\site-packages (25.0.1)
Collecting pip
  Using cached pip-26.1.1-py3-none-any.whl.metadata (4.6 kB)
Using cached pip-26.1.1-py3-none-any.whl (1.8 MB)
Installing collected packages: pip
  Attempting uninstall: pip
    Found existing installation: pip 25.0.1
    Uninstalling pip-25.0.1:
      Successfully uninstalled pip-25.0.1
Successfully installed pip-26.1.1
Collecting streamlit==1.41.1 (from -r requirements.txt (line 1))
  Using cached streamlit-1.41.1-py2.py3-none-any.whl.metadata (8.5 kB)
Collecting pypdf==5.1.0 (from -r requirements.txt (line 2))
  Using cached pypdf-5.1.0-py3-none-any.whl.metadata (7.2 kB)
Collecting python-docx==1.1.2 (from -r requirements.txt (line 3))
  Using cached python_docx-1.1.2-py3-none-any.whl.metadata (2.0 kB)
Collecting pillow<12,>=10.4.0 (from -r requirements.txt (line 4))
  Using cached pillow-11.3.0-cp312-cp312-win_amd64.whl.metadata (9.2 kB)
Collecting PyMuPDF==1.24.14 (from -r requirements.txt (line 5))
  Using cached PyMuPDF-1.24.14-cp39-abi3-win_amd64.whl.metadata (3.4 kB)
Collecting pytesseract==0.3.13 (from -r requirements.txt (line 6))
  Using cached pytesseract-0.3.13-py3-none-any.whl.metadata (11 kB)
Collecting altair<6,>=4.0 (from streamlit==1.41.1->-r requirements.txt (line 1))
  Using cached altair-5.5.0-py3-none-any.whl.metadata (11 kB)
Collecting blinker<2,>=1.0.0 (from streamlit==1.41.1->-r requirements.txt (line 1))
  Using cached blinker-1.9.0-py3-none-any.whl.metadata (1.6 kB)
Collecting cachetools<6,>=4.0 (from streamlit==1.41.1->-r requirements.txt (line 1))
  Using cached cachetools-5.5.2-py3-none-any.whl.metadata (5.4 kB)
Collecting click<9,>=7.0 (from streamlit==1.41.1->-r requirements.txt (line 1))
  Using cached click-8.4.1-py3-none-any.whl.metadata (2.6 kB)
Collecting numpy<3,>=1.23 (from streamlit==1.41.1->-r requirements.txt (line 1))
  Using cached numpy-2.4.6-cp312-cp312-win_amd64.whl.metadata (6.6 kB)
Collecting packaging<25,>=20 (from streamlit==1.41.1->-r requirements.txt (line 1))
  Using cached packaging-24.2-py3-none-any.whl.metadata (3.2 kB)
Collecting pandas<3,>=1.4.0 (from streamlit==1.41.1->-r requirements.txt (line 1))
  Using cached pandas-2.3.3-cp312-cp312-win_amd64.whl.metadata (19 kB)
Collecting protobuf<6,>=3.20 (from streamlit==1.41.1->-r requirements.txt (line 1))
  Using cached protobuf-5.29.6-cp310-abi3-win_amd64.whl.metadata (592 bytes)
Collecting pyarrow>=7.0 (from streamlit==1.41.1->-r requirements.txt (line 1))
  Using cached pyarrow-24.0.0-cp312-cp312-win_amd64.whl.metadata (3.0 kB)
Collecting requests<3,>=2.27 (from streamlit==1.41.1->-r requirements.txt (line 1))
  Using cached requests-2.34.2-py3-none-any.whl.metadata (4.8 kB)
Collecting rich<14,>=10.14.0 (from streamlit==1.41.1->-r requirements.txt (line 1))
  Using cached rich-13.9.4-py3-none-any.whl.metadata (18 kB)
Collecting tenacity<10,>=8.1.0 (from streamlit==1.41.1->-r requirements.txt (line 1))
  Using cached tenacity-9.1.4-py3-none-any.whl.metadata (1.2 kB)
Collecting toml<2,>=0.10.1 (from streamlit==1.41.1->-r requirements.txt (line 1))
  Using cached toml-0.10.2-py2.py3-none-any.whl.metadata (7.1 kB)
Collecting typing-extensions<5,>=4.3.0 (from streamlit==1.41.1->-r requirements.txt (line 1))
  Using cached typing_extensions-4.15.0-py3-none-any.whl.metadata (3.3 kB)
Collecting watchdog<7,>=2.1.5 (from streamlit==1.41.1->-r requirements.txt (line 1))
  Using cached watchdog-6.0.0-py3-none-win_amd64.whl.metadata (44 kB)
Collecting gitpython!=3.1.19,<4,>=3.0.7 (from streamlit==1.41.1->-r requirements.txt (line 1))
  Using cached gitpython-3.1.50-py3-none-any.whl.metadata (14 kB)
Collecting pydeck<1,>=0.8.0b4 (from streamlit==1.41.1->-r requirements.txt (line 1))
  Using cached pydeck-0.9.2-py2.py3-none-any.whl.metadata (4.2 kB)
Collecting tornado<7,>=6.0.3 (from streamlit==1.41.1->-r requirements.txt (line 1))
  Using cached tornado-6.5.5-cp39-abi3-win_amd64.whl.metadata (2.9 kB)
Collecting lxml>=3.1.0 (from python-docx==1.1.2->-r requirements.txt (line 3))
  Using cached lxml-6.1.1-cp312-cp312-win_amd64.whl.metadata (3.6 kB)
Collecting jinja2 (from altair<6,>=4.0->streamlit==1.41.1->-r requirements.txt (line 1))
  Using cached jinja2-3.1.6-py3-none-any.whl.metadata (2.9 kB)
Collecting jsonschema>=3.0 (from altair<6,>=4.0->streamlit==1.41.1->-r requirements.txt (line 1))
  Using cached jsonschema-4.26.0-py3-none-any.whl.metadata (7.6 kB)
Collecting narwhals>=1.14.2 (from altair<6,>=4.0->streamlit==1.41.1->-r requirements.txt (line 1))
  Using cached narwhals-2.21.2-py3-none-any.whl.metadata (16 kB)
Collecting colorama (from click<9,>=7.0->streamlit==1.41.1->-r requirements.txt (line 1))
  Using cached colorama-0.4.6-py2.py3-none-any.whl.metadata (17 kB)
Collecting gitdb<5,>=4.0.1 (from gitpython!=3.1.19,<4,>=3.0.7->streamlit==1.41.1->-r requirements.txt (line 1))
  Using cached gitdb-4.0.12-py3-none-any.whl.metadata (1.2 kB)
Collecting smmap<6,>=3.0.1 (from gitdb<5,>=4.0.1->gitpython!=3.1.19,<4,>=3.0.7->streamlit==1.41.1->-r requirements.txt (line 1))
  Using cached smmap-5.0.3-py3-none-any.whl.metadata (4.6 kB)
Collecting python-dateutil>=2.8.2 (from pandas<3,>=1.4.0->streamlit==1.41.1->-r requirements.txt (line 1))
  Using cached python_dateutil-2.9.0.post0-py2.py3-none-any.whl.metadata (8.4 kB)
Collecting pytz>=2020.1 (from pandas<3,>=1.4.0->streamlit==1.41.1->-r requirements.txt (line 1))
  Using cached pytz-2026.2-py2.py3-none-any.whl.metadata (22 kB)
Collecting tzdata>=2022.7 (from pandas<3,>=1.4.0->streamlit==1.41.1->-r requirements.txt (line 1))
  Using cached tzdata-2026.2-py2.py3-none-any.whl.metadata (1.4 kB)
Collecting charset_normalizer<4,>=2 (from requests<3,>=2.27->streamlit==1.41.1->-r requirements.txt (line 1))
  Using cached charset_normalizer-3.4.7-cp312-cp312-win_amd64.whl.metadata (41 kB)
Collecting idna<4,>=2.5 (from requests<3,>=2.27->streamlit==1.41.1->-r requirements.txt (line 1))
  Using cached idna-3.16-py3-none-any.whl.metadata (6.4 kB)
Collecting urllib3<3,>=1.26 (from requests<3,>=2.27->streamlit==1.41.1->-r requirements.txt (line 1))
  Using cached urllib3-2.7.0-py3-none-any.whl.metadata (6.9 kB)
Collecting certifi>=2023.5.7 (from requests<3,>=2.27->streamlit==1.41.1->-r requirements.txt (line 1))
  Using cached certifi-2026.5.20-py3-none-any.whl.metadata (2.5 kB)
Collecting markdown-it-py>=2.2.0 (from rich<14,>=10.14.0->streamlit==1.41.1->-r requirements.txt (line 1))
  Using cached markdown_it_py-4.2.0-py3-none-any.whl.metadata (7.4 kB)
Collecting pygments<3.0.0,>=2.13.0 (from rich<14,>=10.14.0->streamlit==1.41.1->-r requirements.txt (line 1))
  Using cached pygments-2.20.0-py3-none-any.whl.metadata (2.5 kB)
Collecting MarkupSafe>=2.0 (from jinja2->altair<6,>=4.0->streamlit==1.41.1->-r requirements.txt (line 1))
  Using cached markupsafe-3.0.3-cp312-cp312-win_amd64.whl.metadata (2.8 kB)
Collecting attrs>=22.2.0 (from jsonschema>=3.0->altair<6,>=4.0->streamlit==1.41.1->-r requirements.txt (line 1))
  Using cached attrs-26.1.0-py3-none-any.whl.metadata (8.8 kB)
Collecting jsonschema-specifications>=2023.03.6 (from jsonschema>=3.0->altair<6,>=4.0->streamlit==1.41.1->-r requirements.txt (line 1))
  Using cached jsonschema_specifications-2025.9.1-py3-none-any.whl.metadata (2.9 kB)
Collecting referencing>=0.28.4 (from jsonschema>=3.0->altair<6,>=4.0->streamlit==1.41.1->-r requirements.txt (line 1))
  Using cached referencing-0.37.0-py3-none-any.whl.metadata (2.8 kB)
Collecting rpds-py>=0.25.0 (from jsonschema>=3.0->altair<6,>=4.0->streamlit==1.41.1->-r requirements.txt (line 1))
  Using cached rpds_py-0.30.0-cp312-cp312-win_amd64.whl.metadata (4.2 kB)
Collecting mdurl~=0.1 (from markdown-it-py>=2.2.0->rich<14,>=10.14.0->streamlit==1.41.1->-r requirements.txt (line 1))
  Using cached mdurl-0.1.2-py3-none-any.whl.metadata (1.6 kB)
Collecting six>=1.5 (from python-dateutil>=2.8.2->pandas<3,>=1.4.0->streamlit==1.41.1->-r requirements.txt (line 1))
  Using cached six-1.17.0-py2.py3-none-any.whl.metadata (1.7 kB)
Using cached streamlit-1.41.1-py2.py3-none-any.whl (9.1 MB)
Using cached pypdf-5.1.0-py3-none-any.whl (297 kB)
Using cached python_docx-1.1.2-py3-none-any.whl (244 kB)
Using cached PyMuPDF-1.24.14-cp39-abi3-win_amd64.whl (16.3 MB)
Using cached pytesseract-0.3.13-py3-none-any.whl (14 kB)
Using cached pillow-11.3.0-cp312-cp312-win_amd64.whl (7.0 MB)
Using cached altair-5.5.0-py3-none-any.whl (731 kB)
Using cached blinker-1.9.0-py3-none-any.whl (8.5 kB)
Using cached cachetools-5.5.2-py3-none-any.whl (10 kB)
Using cached click-8.4.1-py3-none-any.whl (116 kB)
Using cached gitpython-3.1.50-py3-none-any.whl (212 kB)
Using cached gitdb-4.0.12-py3-none-any.whl (62 kB)
Using cached numpy-2.4.6-cp312-cp312-win_amd64.whl (12.3 MB)
Using cached packaging-24.2-py3-none-any.whl (65 kB)
Using cached pandas-2.3.3-cp312-cp312-win_amd64.whl (11.0 MB)
Using cached protobuf-5.29.6-cp310-abi3-win_amd64.whl (435 kB)
Using cached pydeck-0.9.2-py2.py3-none-any.whl (11.3 MB)
Using cached requests-2.34.2-py3-none-any.whl (73 kB)
Using cached charset_normalizer-3.4.7-cp312-cp312-win_amd64.whl (159 kB)
Using cached idna-3.16-py3-none-any.whl (74 kB)
Using cached rich-13.9.4-py3-none-any.whl (242 kB)
Using cached pygments-2.20.0-py3-none-any.whl (1.2 MB)
Using cached smmap-5.0.3-py3-none-any.whl (24 kB)
Using cached tenacity-9.1.4-py3-none-any.whl (28 kB)
Using cached toml-0.10.2-py2.py3-none-any.whl (16 kB)
Using cached tornado-6.5.5-cp39-abi3-win_amd64.whl (448 kB)
Using cached typing_extensions-4.15.0-py3-none-any.whl (44 kB)
Using cached urllib3-2.7.0-py3-none-any.whl (131 kB)
Using cached watchdog-6.0.0-py3-none-win_amd64.whl (79 kB)
Using cached certifi-2026.5.20-py3-none-any.whl (134 kB)
Using cached jinja2-3.1.6-py3-none-any.whl (134 kB)
Using cached jsonschema-4.26.0-py3-none-any.whl (90 kB)
Using cached attrs-26.1.0-py3-none-any.whl (67 kB)
Using cached jsonschema_specifications-2025.9.1-py3-none-any.whl (18 kB)
Using cached lxml-6.1.1-cp312-cp312-win_amd64.whl (4.0 MB)
Using cached markdown_it_py-4.2.0-py3-none-any.whl (91 kB)
Using cached mdurl-0.1.2-py3-none-any.whl (10.0 kB)
Using cached markupsafe-3.0.3-cp312-cp312-win_amd64.whl (15 kB)
Using cached narwhals-2.21.2-py3-none-any.whl (451 kB)
Using cached pyarrow-24.0.0-cp312-cp312-win_amd64.whl (27.4 MB)
Using cached python_dateutil-2.9.0.post0-py2.py3-none-any.whl (229 kB)
Using cached pytz-2026.2-py2.py3-none-any.whl (510 kB)
Using cached referencing-0.37.0-py3-none-any.whl (26 kB)
Using cached rpds_py-0.30.0-cp312-cp312-win_amd64.whl (240 kB)
Using cached six-1.17.0-py2.py3-none-any.whl (11 kB)
Using cached tzdata-2026.2-py2.py3-none-any.whl (349 kB)
Using cached colorama-0.4.6-py2.py3-none-any.whl (25 kB)
Installing collected packages: pytz, watchdog, urllib3, tzdata, typing-extensions, tornado, toml, tenacity, smmap, six, rpds-py, pypdf, PyMuPDF, pygments, pyarrow, protobuf, pillow, packaging, numpy, narwhals, mdurl, MarkupSafe, lxml, idna, colorama, charset_normalizer, certifi, cachetools, blinker, attrs, requests, referencing, python-docx, python-dateutil, pytesseract, markdown-it-py, jinja2, gitdb, click, rich, pydeck, pandas, jsonschema-specifications, gitpython, jsonschema, altair, streamlit
